<?xml version="1.0" encoding="UTF-8"?>
<testng-results ignored="0" total="6" passed="6" failed="0" skipped="0">
  <reporter-output>
  </reporter-output>
  <suite started-at="2022-08-12T21:53:50 IST" name="Default suite" finished-at="2022-08-12T21:54:13 IST" duration-ms="23205">
    <groups>
      <group name="cucumber">
        <method signature="AbstractTestNGCucumberTests.runScenario(io.cucumber.testng.PickleWrapper, io.cucumber.testng.FeatureWrapper)[pri:0, instance:runnerClass.RunnerClass@378542de]" name="runScenario" class="io.cucumber.testng.AbstractTestNGCucumberTests"/>
      </group> <!-- cucumber -->
    </groups>
    <test started-at="2022-08-12T21:53:50 IST" name="Default test" finished-at="2022-08-12T21:54:13 IST" duration-ms="23205">
      <class name="runnerClass.RunnerClass">
        <test-method is-config="true" signature="setUpClass()[pri:0, instance:runnerClass.RunnerClass@378542de]" started-at="2022-08-12T21:53:50 IST" name="setUpClass" finished-at="2022-08-12T21:53:50 IST" duration-ms="291" status="PASS">
          <reporter-output>
          </reporter-output>
        </test-method> <!-- setUpClass -->
        <test-method signature="runScenario(io.cucumber.testng.PickleWrapper, io.cucumber.testng.FeatureWrapper)[pri:0, instance:runnerClass.RunnerClass@378542de]" started-at="2022-08-12T21:53:50 IST" name="runScenario" description="Runs Cucumber Scenarios" data-provider="scenarios" finished-at="2022-08-12T21:53:59 IST" duration-ms="8877" status="PASS">
          <params>
            <param index="0">
              <value>
                <![CDATA["User creating an account in IEB application"]]>
              </value>
            </param>
            <param index="1">
              <value>
                <![CDATA["Just a practice"]]>
              </value>
            </param>
          </params>
          <reporter-output>
          </reporter-output>
        </test-method> <!-- runScenario -->
        <test-method signature="runScenario(io.cucumber.testng.PickleWrapper, io.cucumber.testng.FeatureWrapper)[pri:0, instance:runnerClass.RunnerClass@378542de]" started-at="2022-08-12T21:53:59 IST" name="runScenario" description="Runs Cucumber Scenarios" data-provider="scenarios" finished-at="2022-08-12T21:54:02 IST" duration-ms="3433" status="PASS">
          <params>
            <param index="0">
              <value>
                <![CDATA["User log in an account"]]>
              </value>
            </param>
            <param index="1">
              <value>
                <![CDATA["Just a practice"]]>
              </value>
            </param>
          </params>
          <reporter-output>
          </reporter-output>
        </test-method> <!-- runScenario -->
        <test-method signature="runScenario(io.cucumber.testng.PickleWrapper, io.cucumber.testng.FeatureWrapper)[pri:0, instance:runnerClass.RunnerClass@378542de]" started-at="2022-08-12T21:54:02 IST" name="runScenario" description="Runs Cucumber Scenarios" data-provider="scenarios" finished-at="2022-08-12T21:54:03 IST" duration-ms="506" status="PASS">
          <params>
            <param index="0">
              <value>
                <![CDATA["User view the created account"]]>
              </value>
            </param>
            <param index="1">
              <value>
                <![CDATA["Just a practice"]]>
              </value>
            </param>
          </params>
          <reporter-output>
          </reporter-output>
        </test-method> <!-- runScenario -->
        <test-method signature="runScenario(io.cucumber.testng.PickleWrapper, io.cucumber.testng.FeatureWrapper)[pri:0, instance:runnerClass.RunnerClass@378542de]" started-at="2022-08-12T21:54:03 IST" name="runScenario" description="Runs Cucumber Scenarios" data-provider="scenarios" finished-at="2022-08-12T21:54:09 IST" duration-ms="6135" status="PASS">
          <params>
            <param index="0">
              <value>
                <![CDATA["User change the account password"]]>
              </value>
            </param>
            <param index="1">
              <value>
                <![CDATA["Just a practice"]]>
              </value>
            </param>
          </params>
          <reporter-output>
          </reporter-output>
        </test-method> <!-- runScenario -->
        <test-method signature="runScenario(io.cucumber.testng.PickleWrapper, io.cucumber.testng.FeatureWrapper)[pri:0, instance:runnerClass.RunnerClass@378542de]" started-at="2022-08-12T21:54:09 IST" name="runScenario" description="Runs Cucumber Scenarios" data-provider="scenarios" finished-at="2022-08-12T21:54:10 IST" duration-ms="822" status="PASS">
          <params>
            <param index="0">
              <value>
                <![CDATA["User creates a new post"]]>
              </value>
            </param>
            <param index="1">
              <value>
                <![CDATA["Just a practice"]]>
              </value>
            </param>
          </params>
          <reporter-output>
          </reporter-output>
        </test-method> <!-- runScenario -->
        <test-method signature="runScenario(io.cucumber.testng.PickleWrapper, io.cucumber.testng.FeatureWrapper)[pri:0, instance:runnerClass.RunnerClass@378542de]" started-at="2022-08-12T21:54:10 IST" name="runScenario" description="Runs Cucumber Scenarios" data-provider="scenarios" finished-at="2022-08-12T21:54:13 IST" duration-ms="3079" status="PASS">
          <params>
            <param index="0">
              <value>
                <![CDATA["User deletes a post"]]>
              </value>
            </param>
            <param index="1">
              <value>
                <![CDATA["Just a practice"]]>
              </value>
            </param>
          </params>
          <reporter-output>
          </reporter-output>
        </test-method> <!-- runScenario -->
        <test-method is-config="true" signature="tearDownClass()[pri:0, instance:runnerClass.RunnerClass@378542de]" started-at="2022-08-12T21:54:13 IST" name="tearDownClass" finished-at="2022-08-12T21:54:13 IST" duration-ms="6" status="PASS">
          <reporter-output>
          </reporter-output>
        </test-method> <!-- tearDownClass -->
      </class> <!-- runnerClass.RunnerClass -->
    </test> <!-- Default test -->
  </suite> <!-- Default suite -->
</testng-results>
